[09-Sep-2010 19:19:26] PHP Parse error:  syntax error, unexpected ';', expecting ')' in /Users/alexanderpodgorny/Sites/mozilla/workermgmt/application/bootstrap.php on line 53
[09-Sep-2010 13:55:42] PHP Fatal error:  Class 'Forge' not found in /Users/alexanderpodgorny/Sites/mozilla/workermgmt/application/classes/controller/leaving.php on line 10
[09-Sep-2010 14:19:59] PHP Parse error:  syntax error, unexpected '<' in /Users/alexanderpodgorny/Sites/mozilla/workermgmt/application/views/pages/leaving/index.php on line 15
[09-Sep-2010 14:20:11] PHP Parse error:  syntax error, unexpected '<' in /Users/alexanderpodgorny/Sites/mozilla/workermgmt/application/views/pages/leaving/index.php on line 15
[09-Sep-2010 14:20:13] PHP Parse error:  syntax error, unexpected '<' in /Users/alexanderpodgorny/Sites/mozilla/workermgmt/application/views/pages/leaving/index.php on line 15
[09-Sep-2010 15:42:37] PHP Parse error:  syntax error, unexpected ';', expecting ')' in /Users/alexanderpodgorny/Sites/mozilla/workermgmt/application/classes/httpauth.php on line 17
[09-Sep-2010 15:43:07] PHP Parse error:  syntax error, unexpected ';', expecting ')' in /Users/alexanderpodgorny/Sites/mozilla/workermgmt/application/classes/httpauth.php on line 17
[09-Sep-2010 15:43:19] PHP Parse error:  syntax error, unexpected ';', expecting ')' in /Users/alexanderpodgorny/Sites/mozilla/workermgmt/application/classes/httpauth.php on line 17
[09-Sep-2010 15:47:55] PHP Parse error:  syntax error, unexpected ';', expecting ')' in /Users/alexanderpodgorny/Sites/mozilla/workermgmt/application/classes/httpauth.php on line 17
[09-Sep-2010 15:50:47] PHP Parse error:  syntax error, unexpected ';', expecting ')' in /Users/alexanderpodgorny/Sites/mozilla/workermgmt/application/classes/httpauth.php on line 30
[09-Sep-2010 15:50:50] PHP Parse error:  syntax error, unexpected ';', expecting ')' in /Users/alexanderpodgorny/Sites/mozilla/workermgmt/application/classes/httpauth.php on line 30
[09-Sep-2010 16:03:14] PHP Parse error:  syntax error, unexpected ';', expecting ')' in /Users/alexanderpodgorny/Sites/mozilla/workermgmt/application/classes/httpauth.php on line 30
[09-Sep-2010 16:03:48] PHP Parse error:  syntax error, unexpected ';', expecting ')' in /Users/alexanderpodgorny/Sites/mozilla/workermgmt/application/classes/httpauth.php on line 30
[10-Sep-2010 13:18:21] PHP Fatal error:  Call to undefined method Form::date() in /Users/alexanderpodgorny/Sites/mozilla/workermgmt/application/views/pages/leaving/index.php on line 29
[10-Sep-2010 14:39:50] PHP Fatal error:  Call to undefined method Controller_Leaving::build_supplemental_form_values() in /Users/alexanderpodgorny/Sites/mozilla/workermgmt/application/classes/controller/leaving.php on line 61
[10-Sep-2010 17:10:14] PHP Fatal error:  Call to undefined method Controller_Leaving::build_supplemental_form_values() in /Users/alexanderpodgorny/Sites/mozilla/workermgmt/application/classes/controller/leaving.php on line 63
[10-Sep-2010 17:10:30] PHP Parse error:  syntax error, unexpected T_DOUBLE_ARROW in /Users/alexanderpodgorny/Sites/mozilla/workermgmt/application/classes/filing/leaving/setup.php on line 17
[01-Oct-2010 03:45:22] asdf
[01-Oct-2010 03:46:55] asdf
[01-Oct-2010 03:46:55] bootstrap
[01-Oct-2010 03:47:26] asdf
[01-Oct-2010 03:47:26] bootstrap
[01-Oct-2010 03:49:18] asdf
[01-Oct-2010 03:49:18] bootstrap
[01-Oct-2010 03:50:10] asdf
[01-Oct-2010 03:52:56] asdf
[01-Oct-2010 03:53:58] asdf
[01-Oct-2010 03:54:43] asdf
[01-Oct-2010 03:55:13] asdf
[01-Oct-2010 03:55:16] bootstrap
[01-Oct-2010 03:56:52] bootstrap
[01-Oct-2010 03:57:48] bootstrap
[01-Oct-2010 03:58:57] bootstrap
[01-Oct-2010 04:00:00] bootstrap
